2022/08/21 20:51:23;[ Info ];User APP\2 logged in.
2022/08/21 20:52:45;[ Info ];User APP\2 logged in.
2022/08/21 20:53:00;[ Warning ];APP\1 does not exist
2022/08/21 20:53:03;[ Info ];User APP\2 logged in.
2022/08/21 20:53:16;[ Info ];User APP\3 logged in.
2022/08/21 21:23:42;[ Info ];User APP\2 logged in.
2022/08/21 21:24:55;[ Info ];User APP\2 logged in.
2022/08/21 21:25:54;[ Info ];User APP\2 logged in.
2022/08/21 21:54:21;[ Info ];User APP\2 logged in.
2022/08/21 21:55:30;[ Info ];User APP\2 logged in.
2022/08/21 21:57:29;[ Info ];User APP\2 logged in.
2022/08/21 21:58:45;[ Info ];User APP\2 logged in.
2022/08/21 21:59:00;[ Info ];User APP\3 logged in.
2022/08/21 21:59:12;[ Info ];User APP\4 logged in.
2022/08/21 21:59:38;[ Info ];User APP\8 logged in.
2022/08/21 22:01:17;[ Info ];User APP\4 logged in.
2022/08/21 22:02:26;[ Info ];User APP\4 logged in.
2022/08/21 22:16:51;[ Info ];User APP\2 logged in.
2022/08/21 23:08:44;[ Info ];User APP\4 logged in.
2022/08/22 00:30:02;[ Info ];User APP\2 logged in.
2022/08/22 01:40:18;[ Info ];User STAFF/1 logged in.
2022/08/22 02:00:22;[ Info ];User STAFF/1 logged in.
2022/08/22 02:02:58;[ Info ];User STAFF/1 logged in.
2022/08/22 02:13:44;[ Info ];User STAFF/1 logged in.
2022/08/22 02:14:59;[ Info ];Course saved: BEng Electrical & Electronic Data Engineering
2022/08/22 02:16:52;[ Info ];User STAFF/1 logged in.
2022/08/22 02:18:54;[ Info ];User STAFF/1 logged in.
2022/08/22 02:19:46;[ Info ];User STAFF/1 logged in.
2022/08/22 02:21:21;[ Info ];User STAFF/1 logged in.
2022/08/22 02:24:35;[ Info ];User STAFF/1 logged in.
2022/08/22 02:31:41;[ Info ];User STAFF/1 logged in.
2022/08/22 02:34:15;[ Info ];User STAFF/1 logged in.
2022/08/22 02:37:49;[ Info ];User STAFF/1 logged in.
2022/08/22 02:50:01;[ Info ];User STAFF/1 logged in.
2022/08/22 02:52:53;[ Info ];User STAFF/1 logged in.
2022/08/22 03:00:32;[ Info ];User APP\2 logged in.
2022/08/22 03:26:15;[ Info ];User APP\2 logged in.
2022/08/22 03:38:16;[ Warning ];STAFF/1 does not exist
2022/08/22 03:38:20;[ Warning ];STAFF/2 does not exist
2022/08/22 03:38:24;[ Warning ];STAFF/1 does not exist
2022/08/22 03:38:30;[ Warning ];STAFF/1 does not exist
2022/08/22 03:38:40;[ Warning ];STAFF/1 does not exist
2022/08/22 03:38:47;[ Info ];User APP\2 logged in.
2022/08/22 03:39:30;[ Warning ];STAFF/1 does not exist
2022/08/22 03:41:23;[ Info ];User STAFF/1 logged in.
2022/08/22 03:41:48;[ Info ];User APP\2 logged in.
2022/08/22 03:55:32;[ Info ];User APP\2 logged in.
2022/08/22 04:11:34;[ Info ];User APP\2 logged in.
2022/08/22 04:15:49;[ Info ];User STAFF/1 logged in.
2022/08/22 04:17:52;[ Info ];User STAFF/1 logged in.
2022/08/22 04:19:25;[ Info ];User APP\4 logged in.
2022/08/22 04:21:03;[ Info ];User APP\8 logged in.
2022/08/22 04:25:20;[ Info ];User STAFF/1 logged in.
2022/08/22 04:25:42;[ Info ];User STAFF/1 logged in.
2022-08-22 07:59:57 AM;[ Info ];User STAFF/1 logged in.
2022-08-22 08:00:44 AM;[ Info ];Course saved: BEng Mechanical
2022-08-22 08:02:38 AM;[ Info ];User APP\2 logged in.
2022-08-22 08:35:34 AM;[ Info ];User STAFF/1 logged in.
2022-08-22 08:35:52 AM;[ Info ];User STAFF/1 logged in.
2022-08-22 08:36:08 AM;[ Info ];User APP\2 logged in.
